# Routine heartbeat log
# Each cloud routine appends a `<UTC timestamp> <routine-id> started` line BEFORE STEP 0 runs,
# then commits + pushes immediately. This makes silent failures visible:
#   - heartbeat commit + workflow commit → routine completed
#   - heartbeat commit only (no workflow commit) → routine started but died mid-flow
#   - no heartbeat commit → routine never actually executed (infra issue)
# Routine IDs: pm = pre-market, mo = market-open, mid = midday, eod = daily-summary, wr = weekly-review
2026-05-12T12:08:43Z pm started
2026-05-12T12:36:30Z mo started
2026-05-12T16:11:17Z mid started
2026-05-12T19:04:54Z eod started
2026-05-13T12:42:27Z pm started
2026-05-13T16:10:49Z mid started
2026-05-13T19:05:24Z eod started
2026-05-14T12:13:37Z pm started
2026-05-14T12:36:23Z mo started
2026-05-14T18:34:48Z mid started
2026-05-14T19:07:10Z eod started
2026-05-15T12:08:43Z pm started
2026-05-15T12:32:35Z mo started
2026-05-15T16:06:42Z mid started
2026-05-15T19:01:35Z eod started
2026-05-15T20:05:59Z wr started
2026-05-18T12:12:31Z pm started
2026-05-18T12:39:24Z mo started
2026-05-18T16:02:09Z mid started
2026-05-18T19:06:55Z eod started
2026-05-19T12:11:33Z pm started
2026-05-19T16:09:21Z mid started
2026-05-20T12:09:50Z pm started
2026-05-20T12:39:01Z mo started
2026-05-20T16:06:56Z mid started
2026-05-20T19:06:13Z eod started
2026-05-21T12:09:46Z pm started
2026-05-21T16:10:14Z mid started
2026-05-21T19:03:31Z eod started
2026-05-22T12:02:44Z pm started
2026-05-22T12:38:35Z mo started
2026-05-22T16:06:11Z mid started
2026-05-22T20:02:28Z wr started
2026-05-25T12:11:11Z pm started
2026-05-25T16:04:07Z mid started
2026-05-26T12:03:47Z pm started
2026-05-26T12:39:34Z mo started
2026-05-26T16:11:07Z mid started
2026-05-26T19:05:29Z eod started (local)
2026-05-27T12:39:59Z mo started
2026-05-27T16:09:25Z mid started
2026-05-27T19:04:49Z eod started
2026-05-28T12:09:20Z pm started
2026-05-28T12:40:15Z mo started
2026-05-28T16:08:37Z mid started
2026-05-29T12:06:36Z pm started
2026-06-01T12:07:49Z pm started
2026-06-02T12:07:21Z pm started
2026-06-02T12:39:51Z mo started
2026-06-02T16:07:59Z mid started
2026-06-02T19:03:41Z eod started
2026-06-03T12:07:08Z pm started
2026-06-03T16:08:29Z mid started
2026-06-03T19:03:37Z eod started
2026-06-04T12:07:16Z pm started
2026-06-04T12:39:43Z mo started
2026-06-04T16:08:41Z mid started
2026-06-04T19:03:25Z eod started
2026-06-05T12:08:19Z pm started
2026-06-05T12:39:58Z mo started
2026-06-05T16:08:59Z mid started
2026-06-05T20:06:41Z wr started
2026-06-08T12:08:09Z pm started
